[2018-05-24 15:35:09] git.INFO: Git command preparing to run {"command":"/usr/bin/git status"} []
[2018-05-24 15:35:09] git.DEBUG: On branch master Your branch is up-to-date with 'origin/master'. Changes not staged for commit:   (use "git add <file>..." to update what will be committed)   (use "git checkout -- <file>..." to discard changes in working directory)  	modified:   src/Service/UML_Gitwrapper.php 	modified:   var/logs/git.log  Untracked files:   (use "git add <file>..." to include in what will be committed)  	.ssh/  no changes added to commit (use "git add" and/or "git commit -a")  {"error":false,"command":"/usr/bin/git status"} []
[2018-05-24 15:35:09] git.INFO: Git command successfully run {"command":"/usr/bin/git status"} []
[2018-05-24 15:40:42] git.INFO: Git command preparing to run {"command":"/usr/bin/git status"} []
[2018-05-24 15:40:42] git.DEBUG: On branch master Your branch is up-to-date with 'origin/master'. Changes not staged for commit:   (use "git add <file>..." to update what will be committed)   (use "git checkout -- <file>..." to discard changes in working directory)  	modified:   src/Service/UML_Gitwrapper.php 	modified:   var/logs/git.log  Untracked files:   (use "git add <file>..." to include in what will be committed)  	.ssh/  no changes added to commit (use "git add" and/or "git commit -a")  {"error":false,"command":"/usr/bin/git status"} []
[2018-05-24 15:40:42] git.INFO: Git command successfully run {"command":"/usr/bin/git status"} []
[2018-05-24 15:51:28] git.INFO: Git command preparing to run {"command":"/usr/bin/git status"} []
[2018-05-24 15:51:28] git.DEBUG: On branch master Your branch is up-to-date with 'origin/master'. Changes not staged for commit:   (use "git add <file>..." to update what will be committed)   (use "git checkout -- <file>..." to discard changes in working directory)  	modified:   src/Service/UML_Gitwrapper.php 	modified:   var/logs/git.log  Untracked files:   (use "git add <file>..." to include in what will be committed)  	.ssh/  no changes added to commit (use "git add" and/or "git commit -a")  {"error":false,"command":"/usr/bin/git status"} []
[2018-05-24 15:51:28] git.INFO: Git command successfully run {"command":"/usr/bin/git status"} []
[2018-05-24 15:51:59] git.INFO: Git command preparing to run {"command":"/usr/bin/git status"} []
[2018-05-24 15:51:59] git.DEBUG: On branch master Your branch is up-to-date with 'origin/master'. Changes not staged for commit:   (use "git add <file>..." to update what will be committed)   (use "git checkout -- <file>..." to discard changes in working directory)  	modified:   var/logs/git.log  no changes added to commit (use "git add" and/or "git commit -a")  {"error":false,"command":"/usr/bin/git status"} []
[2018-05-24 15:51:59] git.INFO: Git command successfully run {"command":"/usr/bin/git status"} []
[2018-05-24 17:42:48] git.INFO: Git command preparing to run {"command":"/usr/bin/git status"} []
[2018-05-24 17:42:48] git.DEBUG: On branch master Your branch is up-to-date with 'origin/master'. Changes to be committed:   (use "git reset HEAD <file>..." to unstage)  	modified:   src/Service/UML_Gitwrapper.php 	modified:   var/logs/git.log  Changes not staged for commit:   (use "git add <file>..." to update what will be committed)   (use "git checkout -- <file>..." to discard changes in working directory)  	modified:   src/Service/UML_Gitwrapper.php 	modified:   var/logs/git.log   {"error":false,"command":"/usr/bin/git status"} []
[2018-05-24 17:42:48] git.INFO: Git command successfully run {"command":"/usr/bin/git status"} []
[2018-05-24 18:10:21] git.INFO: Git command preparing to run {"command":"/var/www/html/ status"} []
[2018-05-24 18:10:21] git.DEBUG: sh: 1: /var/www/html/: Permission denied  {"error":true,"command":"/var/www/html/ status"} []
[2018-05-24 18:10:21] git.ERROR: Error running Git command {"command":"/var/www/html/ status"} []
[2018-05-24 18:11:01] git.INFO: Git command preparing to run {"command":"/var/www/html/ status"} []
[2018-05-24 18:11:01] git.DEBUG: sh: 1:  {"error":true,"command":"/var/www/html/ status"} []
[2018-05-24 18:11:01] git.DEBUG: /var/www/html/: Permission denied  {"error":true,"command":"/var/www/html/ status"} []
[2018-05-24 18:11:01] git.ERROR: Error running Git command {"command":"/var/www/html/ status"} []
[2018-05-24 18:19:36] git.INFO: Git command preparing to run {"command":"/usr/bin/git status"} []
[2018-05-24 18:19:36] git.DEBUG: On branch master Your branch is up-to-date with 'origin/master'. Changes not staged for commit:   (use "git add <file>..." to update what will be committed)   (use "git checkout -- <file>..." to discard changes in working directory)  	modified:   .ssh/id_rsa 	modified:   src/Service/UML_Gitwrapper.php 	modified:   var/logs/git.log  no changes added to commit (use "git add" and/or "git commit -a")  {"error":false,"command":"/usr/bin/git status"} []
[2018-05-24 18:19:36] git.INFO: Git command successfully run {"command":"/usr/bin/git status"} []
[2018-05-24 18:20:36] git.INFO: Git command preparing to run {"command":"/usr/bin/git status"} []
[2018-05-24 18:20:36] git.DEBUG: On branch master Your branch is up-to-date with 'origin/master'. Changes not staged for commit:   (use "git add <file>..." to update what will be committed)   (use "git checkout -- <file>..." to discard changes in working directory)  	modified:   .ssh/id_rsa 	modified:   var/logs/git.log  no changes added to commit (use "git add" and/or "git commit -a")  {"error":false,"command":"/usr/bin/git status"} []
[2018-05-24 18:20:36] git.INFO: Git command successfully run {"command":"/usr/bin/git status"} []
